2025-12-15T08:32:51.631+05:30  INFO 22140 --- [preschool] [restartedMain] c.p.preschool.PreschoolApplication       : Starting PreschoolApplication using Java 24.0.2 with PID 22140 (C:\Users\Borad Priya\Downloads\preschool\target\classes started by Borad Priya in C:\Users\Borad Priya\Downloads\preschool)
2025-12-15T08:32:51.642+05:30 DEBUG 22140 --- [preschool] [restartedMain] c.p.preschool.PreschoolApplication       : Running with Spring Boot v3.5.0, Spring v6.2.7
2025-12-15T08:32:51.644+05:30  INFO 22140 --- [preschool] [restartedMain] c.p.preschool.PreschoolApplication       : No active profile set, falling back to 1 default profile: "default"
2025-12-15T08:32:51.703+05:30  INFO 22140 --- [preschool] [restartedMain] .e.DevToolsPropertyDefaultsPostProcessor : Devtools property defaults active! Set 'spring.devtools.add-properties' to 'false' to disable
2025-12-15T08:32:51.703+05:30  INFO 22140 --- [preschool] [restartedMain] .e.DevToolsPropertyDefaultsPostProcessor : For additional web related logging consider setting the 'logging.level.web' property to 'DEBUG'
2025-12-15T08:32:52.387+05:30  INFO 22140 --- [preschool] [restartedMain] .s.d.r.c.RepositoryConfigurationDelegate : Bootstrapping Spring Data JPA repositories in DEFAULT mode.
2025-12-15T08:32:52.466+05:30  INFO 22140 --- [preschool] [restartedMain] .s.d.r.c.RepositoryConfigurationDelegate : Finished Spring Data repository scanning in 70 ms. Found 10 JPA repository interfaces.
2025-12-15T08:32:53.086+05:30  INFO 22140 --- [preschool] [restartedMain] o.s.b.w.embedded.tomcat.TomcatWebServer  : Tomcat initialized with port 9097 (http)
2025-12-15T08:32:53.104+05:30  INFO 22140 --- [preschool] [restartedMain] o.apache.catalina.core.StandardService   : Starting service [Tomcat]
2025-12-15T08:32:53.104+05:30  INFO 22140 --- [preschool] [restartedMain] o.apache.catalina.core.StandardEngine    : Starting Servlet engine: [Apache Tomcat/10.1.41]
2025-12-15T08:32:53.165+05:30  INFO 22140 --- [preschool] [restartedMain] o.a.c.c.C.[Tomcat].[localhost].[/]       : Initializing Spring embedded WebApplicationContext
2025-12-15T08:32:53.166+05:30  INFO 22140 --- [preschool] [restartedMain] w.s.c.ServletWebServerApplicationContext : Root WebApplicationContext: initialization completed in 1461 ms
2025-12-15T08:32:53.309+05:30  INFO 22140 --- [preschool] [restartedMain] o.hibernate.jpa.internal.util.LogHelper  : HHH000204: Processing PersistenceUnitInfo [name: default]
2025-12-15T08:32:53.390+05:30  INFO 22140 --- [preschool] [restartedMain] org.hibernate.Version                    : HHH000412: Hibernate ORM core version 6.6.15.Final
2025-12-15T08:32:53.435+05:30  INFO 22140 --- [preschool] [restartedMain] o.h.c.internal.RegionFactoryInitiator    : HHH000026: Second-level cache disabled
2025-12-15T08:32:53.753+05:30  INFO 22140 --- [preschool] [restartedMain] o.s.o.j.p.SpringPersistenceUnitInfo      : No LoadTimeWeaver setup: ignoring JPA class transformer
2025-12-15T08:32:53.789+05:30  INFO 22140 --- [preschool] [restartedMain] com.zaxxer.hikari.HikariDataSource       : HikariPool-1 - Starting...
2025-12-15T08:32:54.297+05:30  INFO 22140 --- [preschool] [restartedMain] com.zaxxer.hikari.pool.HikariPool        : HikariPool-1 - Added connection com.mysql.cj.jdbc.ConnectionImpl@355fdc0d
2025-12-15T08:32:54.299+05:30  INFO 22140 --- [preschool] [restartedMain] com.zaxxer.hikari.HikariDataSource       : HikariPool-1 - Start completed.
2025-12-15T08:32:54.363+05:30  WARN 22140 --- [preschool] [restartedMain] org.hibernate.orm.deprecation            : HHH90000025: MySQLDialect does not need to be specified explicitly using 'hibernate.dialect' (remove the property setting and it will be selected by default)
2025-12-15T08:32:54.384+05:30  INFO 22140 --- [preschool] [restartedMain] org.hibernate.orm.connections.pooling    : HHH10001005: Database info:
	Database JDBC URL [Connecting through datasource 'HikariDataSource (HikariPool-1)']
	Database driver: undefined/unknown
	Database version: 8.0.43
	Autocommit mode: undefined/unknown
	Isolation level: undefined/unknown
	Minimum pool size: undefined/unknown
	Maximum pool size: undefined/unknown
2025-12-15T08:32:55.500+05:30  INFO 22140 --- [preschool] [restartedMain] o.h.e.t.j.p.i.JtaPlatformInitiator       : HHH000489: No JTA platform available (set 'hibernate.transaction.jta.platform' to enable JTA platform integration)
2025-12-15T08:32:55.645+05:30  INFO 22140 --- [preschool] [restartedMain] j.LocalContainerEntityManagerFactoryBean : Initialized JPA EntityManagerFactory for persistence unit 'default'
2025-12-15T08:32:55.986+05:30 DEBUG 22140 --- [preschool] [restartedMain] c.p.p.security.JwtAuthenticationFilter   : Filter 'jwtAuthenticationFilter' configured for use
2025-12-15T08:32:56.126+05:30  INFO 22140 --- [preschool] [restartedMain] o.s.d.j.r.query.QueryEnhancerFactory     : Hibernate is in classpath; If applicable, HQL parser will be used.
2025-12-15T08:32:56.688+05:30  INFO 22140 --- [preschool] [restartedMain] eAuthenticationProviderManagerConfigurer : Global AuthenticationManager configured with AuthenticationProvider bean with name authenticationProvider
2025-12-15T08:32:56.688+05:30  WARN 22140 --- [preschool] [restartedMain] r$InitializeUserDetailsManagerConfigurer : Global AuthenticationManager configured with an AuthenticationProvider bean. UserDetailsService beans will not be used by Spring Security for automatically configuring username/password login. Consider removing the AuthenticationProvider bean. Alternatively, consider using the UserDetailsService in a manually instantiated DaoAuthenticationProvider. If the current configuration is intentional, to turn off this warning, increase the logging level of 'org.springframework.security.config.annotation.authentication.configuration.InitializeUserDetailsBeanManagerConfigurer' to ERROR
2025-12-15T08:32:56.752+05:30  WARN 22140 --- [preschool] [restartedMain] JpaBaseConfiguration$JpaWebConfiguration : spring.jpa.open-in-view is enabled by default. Therefore, database queries may be performed during view rendering. Explicitly configure spring.jpa.open-in-view to disable this warning
2025-12-15T08:32:57.307+05:30  INFO 22140 --- [preschool] [restartedMain] o.s.b.d.a.OptionalLiveReloadServer       : LiveReload server is running on port 35729
2025-12-15T08:32:57.351+05:30  INFO 22140 --- [preschool] [restartedMain] o.s.b.w.embedded.tomcat.TomcatWebServer  : Tomcat started on port 9097 (http) with context path '/'
2025-12-15T08:32:57.360+05:30  INFO 22140 --- [preschool] [restartedMain] c.p.preschool.PreschoolApplication       : Started PreschoolApplication in 6.207 seconds (process running for 6.693)
2025-12-15T08:39:26.181+05:30  INFO 22140 --- [preschool] [http-nio-9097-exec-2] o.a.c.c.C.[Tomcat].[localhost].[/]       : Initializing Spring DispatcherServlet 'dispatcherServlet'
2025-12-15T08:39:26.182+05:30  INFO 22140 --- [preschool] [http-nio-9097-exec-2] o.s.web.servlet.DispatcherServlet        : Initializing Servlet 'dispatcherServlet'
2025-12-15T08:39:26.186+05:30  INFO 22140 --- [preschool] [http-nio-9097-exec-2] o.s.web.servlet.DispatcherServlet        : Completed initialization in 4 ms
2025-12-15T09:23:07.820+05:30  WARN 22140 --- [preschool] [http-nio-9097-exec-5] .m.m.a.ExceptionHandlerExceptionResolver : Resolved [org.springframework.web.servlet.resource.NoResourceFoundException: No static resource login.]
2025-12-15T09:30:22.143+05:30  WARN 22140 --- [preschool] [http-nio-9097-exec-9] .m.m.a.ExceptionHandlerExceptionResolver : Resolved [org.springframework.web.servlet.resource.NoResourceFoundException: No static resource login.]
2025-12-15T09:30:22.329+05:30  WARN 22140 --- [preschool] [http-nio-9097-exec-3] .m.m.a.ExceptionHandlerExceptionResolver : Resolved [org.springframework.web.servlet.resource.NoResourceFoundException: No static resource login.]
2025-12-15T09:30:29.572+05:30  WARN 22140 --- [preschool] [http-nio-9097-exec-6] .m.m.a.ExceptionHandlerExceptionResolver : Resolved [org.springframework.web.servlet.resource.NoResourceFoundException: No static resource login.]
2025-12-15T09:30:29.752+05:30  WARN 22140 --- [preschool] [http-nio-9097-exec-10] .m.m.a.ExceptionHandlerExceptionResolver : Resolved [org.springframework.web.servlet.resource.NoResourceFoundException: No static resource login.]
2025-12-15T09:30:30.062+05:30  WARN 22140 --- [preschool] [http-nio-9097-exec-4] .m.m.a.ExceptionHandlerExceptionResolver : Resolved [org.springframework.web.servlet.resource.NoResourceFoundException: No static resource login.]
2025-12-15T09:32:55.694+05:30  WARN 22140 --- [preschool] [http-nio-9097-exec-7] .m.m.a.ExceptionHandlerExceptionResolver : Resolved [org.springframework.web.servlet.resource.NoResourceFoundException: No static resource login.]
2025-12-15T09:33:18.121+05:30  INFO 22140 --- [preschool] [http-nio-9097-exec-10] c.p.p.controller.TeacherController       : Fees API called successfully with 1 students.
2025-12-15T09:39:56.556+05:30  INFO 8176 --- [preschool] [restartedMain] c.p.preschool.PreschoolApplication       : Starting PreschoolApplication using Java 24.0.2 with PID 8176 (C:\Users\Borad Priya\Downloads\preschool\target\classes started by Borad Priya in C:\Users\Borad Priya\Downloads\preschool)
2025-12-15T09:39:56.559+05:30 DEBUG 8176 --- [preschool] [restartedMain] c.p.preschool.PreschoolApplication       : Running with Spring Boot v3.5.0, Spring v6.2.7
2025-12-15T09:39:56.560+05:30  INFO 8176 --- [preschool] [restartedMain] c.p.preschool.PreschoolApplication       : No active profile set, falling back to 1 default profile: "default"
2025-12-15T09:39:56.649+05:30  INFO 8176 --- [preschool] [restartedMain] .e.DevToolsPropertyDefaultsPostProcessor : Devtools property defaults active! Set 'spring.devtools.add-properties' to 'false' to disable
2025-12-15T09:39:56.650+05:30  INFO 8176 --- [preschool] [restartedMain] .e.DevToolsPropertyDefaultsPostProcessor : For additional web related logging consider setting the 'logging.level.web' property to 'DEBUG'
2025-12-15T09:39:57.640+05:30  INFO 8176 --- [preschool] [restartedMain] .s.d.r.c.RepositoryConfigurationDelegate : Bootstrapping Spring Data JPA repositories in DEFAULT mode.
2025-12-15T09:39:57.767+05:30  INFO 8176 --- [preschool] [restartedMain] .s.d.r.c.RepositoryConfigurationDelegate : Finished Spring Data repository scanning in 111 ms. Found 10 JPA repository interfaces.
2025-12-15T09:39:58.697+05:30  INFO 8176 --- [preschool] [restartedMain] o.s.b.w.embedded.tomcat.TomcatWebServer  : Tomcat initialized with port 9097 (http)
2025-12-15T09:39:58.724+05:30  INFO 8176 --- [preschool] [restartedMain] o.apache.catalina.core.StandardService   : Starting service [Tomcat]
2025-12-15T09:39:58.725+05:30  INFO 8176 --- [preschool] [restartedMain] o.apache.catalina.core.StandardEngine    : Starting Servlet engine: [Apache Tomcat/10.1.41]
2025-12-15T09:39:58.777+05:30  INFO 8176 --- [preschool] [restartedMain] o.a.c.c.C.[Tomcat].[localhost].[/]       : Initializing Spring embedded WebApplicationContext
2025-12-15T09:39:58.778+05:30  INFO 8176 --- [preschool] [restartedMain] w.s.c.ServletWebServerApplicationContext : Root WebApplicationContext: initialization completed in 2128 ms
2025-12-15T09:39:58.926+05:30  INFO 8176 --- [preschool] [restartedMain] o.hibernate.jpa.internal.util.LogHelper  : HHH000204: Processing PersistenceUnitInfo [name: default]
2025-12-15T09:39:59.013+05:30  INFO 8176 --- [preschool] [restartedMain] org.hibernate.Version                    : HHH000412: Hibernate ORM core version 6.6.15.Final
2025-12-15T09:39:59.059+05:30  INFO 8176 --- [preschool] [restartedMain] o.h.c.internal.RegionFactoryInitiator    : HHH000026: Second-level cache disabled
2025-12-15T09:39:59.419+05:30  INFO 8176 --- [preschool] [restartedMain] o.s.o.j.p.SpringPersistenceUnitInfo      : No LoadTimeWeaver setup: ignoring JPA class transformer
2025-12-15T09:39:59.459+05:30  INFO 8176 --- [preschool] [restartedMain] com.zaxxer.hikari.HikariDataSource       : HikariPool-1 - Starting...
2025-12-15T09:39:59.912+05:30  INFO 8176 --- [preschool] [restartedMain] com.zaxxer.hikari.pool.HikariPool        : HikariPool-1 - Added connection com.mysql.cj.jdbc.ConnectionImpl@5aaba7b7
2025-12-15T09:39:59.915+05:30  INFO 8176 --- [preschool] [restartedMain] com.zaxxer.hikari.HikariDataSource       : HikariPool-1 - Start completed.
2025-12-15T09:40:00.000+05:30  WARN 8176 --- [preschool] [restartedMain] org.hibernate.orm.deprecation            : HHH90000025: MySQLDialect does not need to be specified explicitly using 'hibernate.dialect' (remove the property setting and it will be selected by default)
2025-12-15T09:40:00.043+05:30  INFO 8176 --- [preschool] [restartedMain] org.hibernate.orm.connections.pooling    : HHH10001005: Database info:
	Database JDBC URL [Connecting through datasource 'HikariDataSource (HikariPool-1)']
	Database driver: undefined/unknown
	Database version: 8.0.43
	Autocommit mode: undefined/unknown
	Isolation level: undefined/unknown
	Minimum pool size: undefined/unknown
	Maximum pool size: undefined/unknown
2025-12-15T09:40:01.540+05:30  INFO 8176 --- [preschool] [restartedMain] o.h.e.t.j.p.i.JtaPlatformInitiator       : HHH000489: No JTA platform available (set 'hibernate.transaction.jta.platform' to enable JTA platform integration)
2025-12-15T09:40:01.792+05:30  INFO 8176 --- [preschool] [restartedMain] j.LocalContainerEntityManagerFactoryBean : Initialized JPA EntityManagerFactory for persistence unit 'default'
2025-12-15T09:40:02.250+05:30 DEBUG 8176 --- [preschool] [restartedMain] c.p.p.security.JwtAuthenticationFilter   : Filter 'jwtAuthenticationFilter' configured for use
2025-12-15T09:40:02.454+05:30  INFO 8176 --- [preschool] [restartedMain] o.s.d.j.r.query.QueryEnhancerFactory     : Hibernate is in classpath; If applicable, HQL parser will be used.
2025-12-15T09:40:03.250+05:30  INFO 8176 --- [preschool] [restartedMain] eAuthenticationProviderManagerConfigurer : Global AuthenticationManager configured with AuthenticationProvider bean with name authenticationProvider
2025-12-15T09:40:03.251+05:30  WARN 8176 --- [preschool] [restartedMain] r$InitializeUserDetailsManagerConfigurer : Global AuthenticationManager configured with an AuthenticationProvider bean. UserDetailsService beans will not be used by Spring Security for automatically configuring username/password login. Consider removing the AuthenticationProvider bean. Alternatively, consider using the UserDetailsService in a manually instantiated DaoAuthenticationProvider. If the current configuration is intentional, to turn off this warning, increase the logging level of 'org.springframework.security.config.annotation.authentication.configuration.InitializeUserDetailsBeanManagerConfigurer' to ERROR
2025-12-15T09:40:03.315+05:30  WARN 8176 --- [preschool] [restartedMain] JpaBaseConfiguration$JpaWebConfiguration : spring.jpa.open-in-view is enabled by default. Therefore, database queries may be performed during view rendering. Explicitly configure spring.jpa.open-in-view to disable this warning
2025-12-15T09:40:03.996+05:30  INFO 8176 --- [preschool] [restartedMain] o.s.b.d.a.OptionalLiveReloadServer       : LiveReload server is running on port 35729
2025-12-15T09:40:04.045+05:30  INFO 8176 --- [preschool] [restartedMain] o.s.b.w.embedded.tomcat.TomcatWebServer  : Tomcat started on port 9097 (http) with context path '/'
2025-12-15T09:40:04.052+05:30  INFO 8176 --- [preschool] [restartedMain] c.p.preschool.PreschoolApplication       : Started PreschoolApplication in 8.184 seconds (process running for 8.8)
2025-12-15T09:41:42.165+05:30  INFO 8176 --- [preschool] [http-nio-9097-exec-1] o.a.c.c.C.[Tomcat].[localhost].[/]       : Initializing Spring DispatcherServlet 'dispatcherServlet'
2025-12-15T09:41:42.166+05:30  INFO 8176 --- [preschool] [http-nio-9097-exec-1] o.s.web.servlet.DispatcherServlet        : Initializing Servlet 'dispatcherServlet'
2025-12-15T09:41:42.168+05:30  INFO 8176 --- [preschool] [http-nio-9097-exec-1] o.s.web.servlet.DispatcherServlet        : Completed initialization in 1 ms
2025-12-15T09:41:42.407+05:30  WARN 8176 --- [preschool] [http-nio-9097-exec-3] .m.m.a.ExceptionHandlerExceptionResolver : Resolved [org.springframework.web.servlet.resource.NoResourceFoundException: No static resource login.]
2025-12-15T09:41:42.493+05:30  WARN 8176 --- [preschool] [http-nio-9097-exec-6] .m.m.a.ExceptionHandlerExceptionResolver : Resolved [org.springframework.web.servlet.resource.NoResourceFoundException: No static resource login.]
2025-12-15T11:30:04.516+05:30  INFO 20964 --- [preschool] [restartedMain] c.p.preschool.PreschoolApplication       : Starting PreschoolApplication using Java 24.0.2 with PID 20964 (C:\Users\Borad Priya\Downloads\preschool\target\classes started by Borad Priya in C:\Users\Borad Priya\Downloads\preschool)
2025-12-15T11:30:04.522+05:30 DEBUG 20964 --- [preschool] [restartedMain] c.p.preschool.PreschoolApplication       : Running with Spring Boot v3.5.0, Spring v6.2.7
2025-12-15T11:30:04.524+05:30  INFO 20964 --- [preschool] [restartedMain] c.p.preschool.PreschoolApplication       : No active profile set, falling back to 1 default profile: "default"
2025-12-15T11:30:04.618+05:30  INFO 20964 --- [preschool] [restartedMain] .e.DevToolsPropertyDefaultsPostProcessor : Devtools property defaults active! Set 'spring.devtools.add-properties' to 'false' to disable
2025-12-15T11:30:04.625+05:30  INFO 20964 --- [preschool] [restartedMain] .e.DevToolsPropertyDefaultsPostProcessor : For additional web related logging consider setting the 'logging.level.web' property to 'DEBUG'
2025-12-15T11:30:05.759+05:30  INFO 20964 --- [preschool] [restartedMain] .s.d.r.c.RepositoryConfigurationDelegate : Bootstrapping Spring Data JPA repositories in DEFAULT mode.
2025-12-15T11:30:05.885+05:30  INFO 20964 --- [preschool] [restartedMain] .s.d.r.c.RepositoryConfigurationDelegate : Finished Spring Data repository scanning in 110 ms. Found 10 JPA repository interfaces.
2025-12-15T11:30:06.925+05:30  INFO 20964 --- [preschool] [restartedMain] o.s.b.w.embedded.tomcat.TomcatWebServer  : Tomcat initialized with port 9097 (http)
2025-12-15T11:30:06.959+05:30  INFO 20964 --- [preschool] [restartedMain] o.apache.catalina.core.StandardService   : Starting service [Tomcat]
2025-12-15T11:30:06.960+05:30  INFO 20964 --- [preschool] [restartedMain] o.apache.catalina.core.StandardEngine    : Starting Servlet engine: [Apache Tomcat/10.1.41]
2025-12-15T11:30:07.044+05:30  INFO 20964 --- [preschool] [restartedMain] o.a.c.c.C.[Tomcat].[localhost].[/]       : Initializing Spring embedded WebApplicationContext
2025-12-15T11:30:07.045+05:30  INFO 20964 --- [preschool] [restartedMain] w.s.c.ServletWebServerApplicationContext : Root WebApplicationContext: initialization completed in 2417 ms
2025-12-15T11:30:07.308+05:30  INFO 20964 --- [preschool] [restartedMain] o.hibernate.jpa.internal.util.LogHelper  : HHH000204: Processing PersistenceUnitInfo [name: default]
2025-12-15T11:30:07.389+05:30  INFO 20964 --- [preschool] [restartedMain] org.hibernate.Version                    : HHH000412: Hibernate ORM core version 6.6.15.Final
2025-12-15T11:30:07.434+05:30  INFO 20964 --- [preschool] [restartedMain] o.h.c.internal.RegionFactoryInitiator    : HHH000026: Second-level cache disabled
2025-12-15T11:30:07.765+05:30  INFO 20964 --- [preschool] [restartedMain] o.s.o.j.p.SpringPersistenceUnitInfo      : No LoadTimeWeaver setup: ignoring JPA class transformer
2025-12-15T11:30:07.813+05:30  INFO 20964 --- [preschool] [restartedMain] com.zaxxer.hikari.HikariDataSource       : HikariPool-1 - Starting...
2025-12-15T11:30:08.444+05:30  INFO 20964 --- [preschool] [restartedMain] com.zaxxer.hikari.pool.HikariPool        : HikariPool-1 - Added connection com.mysql.cj.jdbc.ConnectionImpl@5abeee02
2025-12-15T11:30:08.446+05:30  INFO 20964 --- [preschool] [restartedMain] com.zaxxer.hikari.HikariDataSource       : HikariPool-1 - Start completed.
2025-12-15T11:30:08.514+05:30  WARN 20964 --- [preschool] [restartedMain] org.hibernate.orm.deprecation            : HHH90000025: MySQLDialect does not need to be specified explicitly using 'hibernate.dialect' (remove the property setting and it will be selected by default)
2025-12-15T11:30:08.537+05:30  INFO 20964 --- [preschool] [restartedMain] org.hibernate.orm.connections.pooling    : HHH10001005: Database info:
	Database JDBC URL [Connecting through datasource 'HikariDataSource (HikariPool-1)']
	Database driver: undefined/unknown
	Database version: 8.0.43
	Autocommit mode: undefined/unknown
	Isolation level: undefined/unknown
	Minimum pool size: undefined/unknown
	Maximum pool size: undefined/unknown
2025-12-15T11:30:09.970+05:30  INFO 20964 --- [preschool] [restartedMain] o.h.e.t.j.p.i.JtaPlatformInitiator       : HHH000489: No JTA platform available (set 'hibernate.transaction.jta.platform' to enable JTA platform integration)
2025-12-15T11:30:10.135+05:30  INFO 20964 --- [preschool] [restartedMain] j.LocalContainerEntityManagerFactoryBean : Initialized JPA EntityManagerFactory for persistence unit 'default'
2025-12-15T11:30:10.597+05:30 DEBUG 20964 --- [preschool] [restartedMain] c.p.p.security.JwtAuthenticationFilter   : Filter 'jwtAuthenticationFilter' configured for use
2025-12-15T11:30:10.919+05:30  INFO 20964 --- [preschool] [restartedMain] o.s.d.j.r.query.QueryEnhancerFactory     : Hibernate is in classpath; If applicable, HQL parser will be used.
2025-12-15T11:30:11.943+05:30  INFO 20964 --- [preschool] [restartedMain] eAuthenticationProviderManagerConfigurer : Global AuthenticationManager configured with AuthenticationProvider bean with name authenticationProvider
2025-12-15T11:30:11.944+05:30  WARN 20964 --- [preschool] [restartedMain] r$InitializeUserDetailsManagerConfigurer : Global AuthenticationManager configured with an AuthenticationProvider bean. UserDetailsService beans will not be used by Spring Security for automatically configuring username/password login. Consider removing the AuthenticationProvider bean. Alternatively, consider using the UserDetailsService in a manually instantiated DaoAuthenticationProvider. If the current configuration is intentional, to turn off this warning, increase the logging level of 'org.springframework.security.config.annotation.authentication.configuration.InitializeUserDetailsBeanManagerConfigurer' to ERROR
2025-12-15T11:30:12.029+05:30  WARN 20964 --- [preschool] [restartedMain] JpaBaseConfiguration$JpaWebConfiguration : spring.jpa.open-in-view is enabled by default. Therefore, database queries may be performed during view rendering. Explicitly configure spring.jpa.open-in-view to disable this warning
2025-12-15T11:30:12.967+05:30  INFO 20964 --- [preschool] [restartedMain] o.s.b.d.a.OptionalLiveReloadServer       : LiveReload server is running on port 35729
2025-12-15T11:30:13.028+05:30  INFO 20964 --- [preschool] [restartedMain] o.s.b.w.embedded.tomcat.TomcatWebServer  : Tomcat started on port 9097 (http) with context path '/'
2025-12-15T11:30:13.045+05:30  INFO 20964 --- [preschool] [restartedMain] c.p.preschool.PreschoolApplication       : Started PreschoolApplication in 9.499 seconds (process running for 10.667)
2025-12-15T11:30:36.043+05:30  INFO 20964 --- [preschool] [http-nio-9097-exec-6] o.a.c.c.C.[Tomcat].[localhost].[/]       : Initializing Spring DispatcherServlet 'dispatcherServlet'
2025-12-15T11:30:36.044+05:30  INFO 20964 --- [preschool] [http-nio-9097-exec-6] o.s.web.servlet.DispatcherServlet        : Initializing Servlet 'dispatcherServlet'
2025-12-15T11:30:36.049+05:30  INFO 20964 --- [preschool] [http-nio-9097-exec-6] o.s.web.servlet.DispatcherServlet        : Completed initialization in 4 ms
2025-12-15T11:30:36.570+05:30  WARN 20964 --- [preschool] [http-nio-9097-exec-5] .m.m.a.ExceptionHandlerExceptionResolver : Resolved [org.springframework.web.servlet.resource.NoResourceFoundException: No static resource login.]
2025-12-15T15:45:20.315+05:30  INFO 26988 --- [preschool] [restartedMain] c.p.preschool.PreschoolApplication       : Starting PreschoolApplication using Java 24.0.2 with PID 26988 (C:\Users\Borad Priya\Downloads\preschool\target\classes started by Borad Priya in C:\Users\Borad Priya\Downloads\preschool)
2025-12-15T15:45:20.318+05:30 DEBUG 26988 --- [preschool] [restartedMain] c.p.preschool.PreschoolApplication       : Running with Spring Boot v3.5.0, Spring v6.2.7
2025-12-15T15:45:20.320+05:30  INFO 26988 --- [preschool] [restartedMain] c.p.preschool.PreschoolApplication       : No active profile set, falling back to 1 default profile: "default"
2025-12-15T15:45:20.392+05:30  INFO 26988 --- [preschool] [restartedMain] .e.DevToolsPropertyDefaultsPostProcessor : Devtools property defaults active! Set 'spring.devtools.add-properties' to 'false' to disable
2025-12-15T15:45:20.392+05:30  INFO 26988 --- [preschool] [restartedMain] .e.DevToolsPropertyDefaultsPostProcessor : For additional web related logging consider setting the 'logging.level.web' property to 'DEBUG'
2025-12-15T15:45:21.485+05:30  INFO 26988 --- [preschool] [restartedMain] .s.d.r.c.RepositoryConfigurationDelegate : Bootstrapping Spring Data JPA repositories in DEFAULT mode.
2025-12-15T15:45:21.623+05:30  INFO 26988 --- [preschool] [restartedMain] .s.d.r.c.RepositoryConfigurationDelegate : Finished Spring Data repository scanning in 124 ms. Found 10 JPA repository interfaces.
2025-12-15T15:45:22.798+05:30  INFO 26988 --- [preschool] [restartedMain] o.s.b.w.embedded.tomcat.TomcatWebServer  : Tomcat initialized with port 9097 (http)
2025-12-15T15:45:22.851+05:30  INFO 26988 --- [preschool] [restartedMain] o.apache.catalina.core.StandardService   : Starting service [Tomcat]
2025-12-15T15:45:22.854+05:30  INFO 26988 --- [preschool] [restartedMain] o.apache.catalina.core.StandardEngine    : Starting Servlet engine: [Apache Tomcat/10.1.41]
2025-12-15T15:45:22.959+05:30  INFO 26988 --- [preschool] [restartedMain] o.a.c.c.C.[Tomcat].[localhost].[/]       : Initializing Spring embedded WebApplicationContext
2025-12-15T15:45:22.961+05:30  INFO 26988 --- [preschool] [restartedMain] w.s.c.ServletWebServerApplicationContext : Root WebApplicationContext: initialization completed in 2567 ms
2025-12-15T15:45:23.312+05:30  INFO 26988 --- [preschool] [restartedMain] o.hibernate.jpa.internal.util.LogHelper  : HHH000204: Processing PersistenceUnitInfo [name: default]
2025-12-15T15:45:23.463+05:30  INFO 26988 --- [preschool] [restartedMain] org.hibernate.Version                    : HHH000412: Hibernate ORM core version 6.6.15.Final
2025-12-15T15:45:23.550+05:30  INFO 26988 --- [preschool] [restartedMain] o.h.c.internal.RegionFactoryInitiator    : HHH000026: Second-level cache disabled
2025-12-15T15:45:24.310+05:30  INFO 26988 --- [preschool] [restartedMain] o.s.o.j.p.SpringPersistenceUnitInfo      : No LoadTimeWeaver setup: ignoring JPA class transformer
2025-12-15T15:45:24.395+05:30  INFO 26988 --- [preschool] [restartedMain] com.zaxxer.hikari.HikariDataSource       : HikariPool-1 - Starting...
2025-12-15T15:45:25.152+05:30  INFO 26988 --- [preschool] [restartedMain] com.zaxxer.hikari.pool.HikariPool        : HikariPool-1 - Added connection com.mysql.cj.jdbc.ConnectionImpl@6df99fb0
2025-12-15T15:45:25.155+05:30  INFO 26988 --- [preschool] [restartedMain] com.zaxxer.hikari.HikariDataSource       : HikariPool-1 - Start completed.
2025-12-15T15:45:25.272+05:30  WARN 26988 --- [preschool] [restartedMain] org.hibernate.orm.deprecation            : HHH90000025: MySQLDialect does not need to be specified explicitly using 'hibernate.dialect' (remove the property setting and it will be selected by default)
2025-12-15T15:45:25.303+05:30  INFO 26988 --- [preschool] [restartedMain] org.hibernate.orm.connections.pooling    : HHH10001005: Database info:
	Database JDBC URL [Connecting through datasource 'HikariDataSource (HikariPool-1)']
	Database driver: undefined/unknown
	Database version: 8.0.43
	Autocommit mode: undefined/unknown
	Isolation level: undefined/unknown
	Minimum pool size: undefined/unknown
	Maximum pool size: undefined/unknown
2025-12-15T15:45:27.039+05:30  INFO 26988 --- [preschool] [restartedMain] o.h.e.t.j.p.i.JtaPlatformInitiator       : HHH000489: No JTA platform available (set 'hibernate.transaction.jta.platform' to enable JTA platform integration)
2025-12-15T15:45:27.212+05:30  INFO 26988 --- [preschool] [restartedMain] j.LocalContainerEntityManagerFactoryBean : Initialized JPA EntityManagerFactory for persistence unit 'default'
2025-12-15T15:45:27.830+05:30 DEBUG 26988 --- [preschool] [restartedMain] c.p.p.security.JwtAuthenticationFilter   : Filter 'jwtAuthenticationFilter' configured for use
2025-12-15T15:45:28.086+05:30  INFO 26988 --- [preschool] [restartedMain] o.s.d.j.r.query.QueryEnhancerFactory     : Hibernate is in classpath; If applicable, HQL parser will be used.
2025-12-15T15:45:29.759+05:30  INFO 26988 --- [preschool] [restartedMain] eAuthenticationProviderManagerConfigurer : Global AuthenticationManager configured with AuthenticationProvider bean with name authenticationProvider
2025-12-15T15:45:29.768+05:30  WARN 26988 --- [preschool] [restartedMain] r$InitializeUserDetailsManagerConfigurer : Global AuthenticationManager configured with an AuthenticationProvider bean. UserDetailsService beans will not be used by Spring Security for automatically configuring username/password login. Consider removing the AuthenticationProvider bean. Alternatively, consider using the UserDetailsService in a manually instantiated DaoAuthenticationProvider. If the current configuration is intentional, to turn off this warning, increase the logging level of 'org.springframework.security.config.annotation.authentication.configuration.InitializeUserDetailsBeanManagerConfigurer' to ERROR
2025-12-15T15:45:30.022+05:30  WARN 26988 --- [preschool] [restartedMain] JpaBaseConfiguration$JpaWebConfiguration : spring.jpa.open-in-view is enabled by default. Therefore, database queries may be performed during view rendering. Explicitly configure spring.jpa.open-in-view to disable this warning
2025-12-15T15:45:31.151+05:30  INFO 26988 --- [preschool] [restartedMain] o.s.b.d.a.OptionalLiveReloadServer       : LiveReload server is running on port 35729
2025-12-15T15:45:31.196+05:30  INFO 26988 --- [preschool] [restartedMain] o.s.b.w.embedded.tomcat.TomcatWebServer  : Tomcat started on port 9097 (http) with context path '/'
2025-12-15T15:45:31.204+05:30  INFO 26988 --- [preschool] [restartedMain] c.p.preschool.PreschoolApplication       : Started PreschoolApplication in 11.689 seconds (process running for 12.467)
2025-12-15T15:46:24.572+05:30  INFO 26988 --- [preschool] [http-nio-9097-exec-1] o.a.c.c.C.[Tomcat].[localhost].[/]       : Initializing Spring DispatcherServlet 'dispatcherServlet'
2025-12-15T15:46:24.573+05:30  INFO 26988 --- [preschool] [http-nio-9097-exec-1] o.s.web.servlet.DispatcherServlet        : Initializing Servlet 'dispatcherServlet'
2025-12-15T15:46:24.576+05:30  INFO 26988 --- [preschool] [http-nio-9097-exec-1] o.s.web.servlet.DispatcherServlet        : Completed initialization in 2 ms
2025-12-15T15:46:47.655+05:30  INFO 26988 --- [preschool] [http-nio-9097-exec-3] c.p.p.controller.TeacherController       : Fees API called successfully with 3 students.
2025-12-15T16:09:33.161+05:30  WARN 26988 --- [preschool] [HikariPool-1:housekeeper] com.zaxxer.hikari.pool.HikariPool        : HikariPool-1 - Thread starvation or clock leap detected (housekeeper delta=9m7s673ms97µs700ns).
2025-12-15T18:08:14.320+05:30  INFO 18852 --- [preschool] [restartedMain] c.p.preschool.PreschoolApplication       : Starting PreschoolApplication using Java 24.0.2 with PID 18852 (C:\Users\Borad Priya\Downloads\projects\preschool\target\classes started by Borad Priya in C:\Users\Borad Priya\Downloads\projects\preschool)
2025-12-15T18:08:14.328+05:30 DEBUG 18852 --- [preschool] [restartedMain] c.p.preschool.PreschoolApplication       : Running with Spring Boot v3.5.0, Spring v6.2.7
2025-12-15T18:08:14.330+05:30  INFO 18852 --- [preschool] [restartedMain] c.p.preschool.PreschoolApplication       : No active profile set, falling back to 1 default profile: "default"
2025-12-15T18:08:14.416+05:30  INFO 18852 --- [preschool] [restartedMain] .e.DevToolsPropertyDefaultsPostProcessor : Devtools property defaults active! Set 'spring.devtools.add-properties' to 'false' to disable
2025-12-15T18:08:14.416+05:30  INFO 18852 --- [preschool] [restartedMain] .e.DevToolsPropertyDefaultsPostProcessor : For additional web related logging consider setting the 'logging.level.web' property to 'DEBUG'
2025-12-15T18:08:15.487+05:30  INFO 18852 --- [preschool] [restartedMain] .s.d.r.c.RepositoryConfigurationDelegate : Bootstrapping Spring Data JPA repositories in DEFAULT mode.
2025-12-15T18:08:15.602+05:30  INFO 18852 --- [preschool] [restartedMain] .s.d.r.c.RepositoryConfigurationDelegate : Finished Spring Data repository scanning in 96 ms. Found 10 JPA repository interfaces.
2025-12-15T18:08:16.490+05:30  INFO 18852 --- [preschool] [restartedMain] o.s.b.w.embedded.tomcat.TomcatWebServer  : Tomcat initialized with port 9097 (http)
2025-12-15T18:08:16.509+05:30  INFO 18852 --- [preschool] [restartedMain] o.apache.catalina.core.StandardService   : Starting service [Tomcat]
2025-12-15T18:08:16.510+05:30  INFO 18852 --- [preschool] [restartedMain] o.apache.catalina.core.StandardEngine    : Starting Servlet engine: [Apache Tomcat/10.1.41]
2025-12-15T18:08:16.594+05:30  INFO 18852 --- [preschool] [restartedMain] o.a.c.c.C.[Tomcat].[localhost].[/]       : Initializing Spring embedded WebApplicationContext
2025-12-15T18:08:16.596+05:30  INFO 18852 --- [preschool] [restartedMain] w.s.c.ServletWebServerApplicationContext : Root WebApplicationContext: initialization completed in 2178 ms
2025-12-15T18:08:16.759+05:30  INFO 18852 --- [preschool] [restartedMain] o.hibernate.jpa.internal.util.LogHelper  : HHH000204: Processing PersistenceUnitInfo [name: default]
2025-12-15T18:08:16.822+05:30  INFO 18852 --- [preschool] [restartedMain] org.hibernate.Version                    : HHH000412: Hibernate ORM core version 6.6.15.Final
2025-12-15T18:08:16.862+05:30  INFO 18852 --- [preschool] [restartedMain] o.h.c.internal.RegionFactoryInitiator    : HHH000026: Second-level cache disabled
2025-12-15T18:08:17.245+05:30  INFO 18852 --- [preschool] [restartedMain] o.s.o.j.p.SpringPersistenceUnitInfo      : No LoadTimeWeaver setup: ignoring JPA class transformer
2025-12-15T18:08:17.284+05:30  INFO 18852 --- [preschool] [restartedMain] com.zaxxer.hikari.HikariDataSource       : HikariPool-1 - Starting...
2025-12-15T18:08:17.797+05:30  INFO 18852 --- [preschool] [restartedMain] com.zaxxer.hikari.pool.HikariPool        : HikariPool-1 - Added connection com.mysql.cj.jdbc.ConnectionImpl@564d2760
2025-12-15T18:08:17.800+05:30  INFO 18852 --- [preschool] [restartedMain] com.zaxxer.hikari.HikariDataSource       : HikariPool-1 - Start completed.
2025-12-15T18:08:17.875+05:30  WARN 18852 --- [preschool] [restartedMain] org.hibernate.orm.deprecation            : HHH90000025: MySQLDialect does not need to be specified explicitly using 'hibernate.dialect' (remove the property setting and it will be selected by default)
2025-12-15T18:08:17.899+05:30  INFO 18852 --- [preschool] [restartedMain] org.hibernate.orm.connections.pooling    : HHH10001005: Database info:
	Database JDBC URL [Connecting through datasource 'HikariDataSource (HikariPool-1)']
	Database driver: undefined/unknown
	Database version: 8.0.43
	Autocommit mode: undefined/unknown
	Isolation level: undefined/unknown
	Minimum pool size: undefined/unknown
	Maximum pool size: undefined/unknown
2025-12-15T18:08:19.243+05:30  INFO 18852 --- [preschool] [restartedMain] o.h.e.t.j.p.i.JtaPlatformInitiator       : HHH000489: No JTA platform available (set 'hibernate.transaction.jta.platform' to enable JTA platform integration)
2025-12-15T18:08:19.531+05:30  INFO 18852 --- [preschool] [restartedMain] j.LocalContainerEntityManagerFactoryBean : Initialized JPA EntityManagerFactory for persistence unit 'default'
2025-12-15T18:08:19.963+05:30 DEBUG 18852 --- [preschool] [restartedMain] c.p.p.security.JwtAuthenticationFilter   : Filter 'jwtAuthenticationFilter' configured for use
2025-12-15T18:08:20.168+05:30  INFO 18852 --- [preschool] [restartedMain] o.s.d.j.r.query.QueryEnhancerFactory     : Hibernate is in classpath; If applicable, HQL parser will be used.
2025-12-15T18:08:21.112+05:30  INFO 18852 --- [preschool] [restartedMain] eAuthenticationProviderManagerConfigurer : Global AuthenticationManager configured with AuthenticationProvider bean with name authenticationProvider
2025-12-15T18:08:21.114+05:30  WARN 18852 --- [preschool] [restartedMain] r$InitializeUserDetailsManagerConfigurer : Global AuthenticationManager configured with an AuthenticationProvider bean. UserDetailsService beans will not be used by Spring Security for automatically configuring username/password login. Consider removing the AuthenticationProvider bean. Alternatively, consider using the UserDetailsService in a manually instantiated DaoAuthenticationProvider. If the current configuration is intentional, to turn off this warning, increase the logging level of 'org.springframework.security.config.annotation.authentication.configuration.InitializeUserDetailsBeanManagerConfigurer' to ERROR
2025-12-15T18:08:21.206+05:30  WARN 18852 --- [preschool] [restartedMain] JpaBaseConfiguration$JpaWebConfiguration : spring.jpa.open-in-view is enabled by default. Therefore, database queries may be performed during view rendering. Explicitly configure spring.jpa.open-in-view to disable this warning
2025-12-15T18:08:22.131+05:30  INFO 18852 --- [preschool] [restartedMain] o.s.b.d.a.OptionalLiveReloadServer       : LiveReload server is running on port 35729
2025-12-15T18:08:22.175+05:30  INFO 18852 --- [preschool] [restartedMain] o.s.b.w.embedded.tomcat.TomcatWebServer  : Tomcat started on port 9097 (http) with context path '/'
2025-12-15T18:08:22.187+05:30  INFO 18852 --- [preschool] [restartedMain] c.p.preschool.PreschoolApplication       : Started PreschoolApplication in 8.659 seconds (process running for 9.338)
